mode: set
github.com/YugenDev/go-intermediate-platzi/main.go:3.25,5.2 1 1
github.com/YugenDev/go-intermediate-platzi/main.go:7.27,8.11 1 1
github.com/YugenDev/go-intermediate-platzi/main.go:8.11,10.3 1 1
github.com/YugenDev/go-intermediate-platzi/main.go:11.2,11.10 1 1
github.com/YugenDev/go-intermediate-platzi/main.go:14.37,15.12 1 1
github.com/YugenDev/go-intermediate-platzi/main.go:15.12,17.3 1 1
github.com/YugenDev/go-intermediate-platzi/main.go:18.2,18.60 1 1
github.com/YugenDev/go-intermediate-platzi/main.go:21.36,22.15 1 1
github.com/YugenDev/go-intermediate-platzi/main.go:22.15,24.6 1 1
github.com/YugenDev/go-intermediate-platzi/main.go:26.5,29.29 3 1
github.com/YugenDev/go-intermediate-platzi/main.go:29.29,31.6 1 1
github.com/YugenDev/go-intermediate-platzi/main.go:33.5,33.18 1 1
